/*C1*/SET SCHEMA SYSTEM_LOBS
INSERT INTO BLOCKS VALUES(0,2147483647,0)
COMMIT
/*C2*/SET SCHEMA PUBLIC
DISCONNECT
/*C3*/SET SCHEMA PUBLIC
create table Role (id bigint generated by default as identity (start with 1), created timestamp, role varchar(255), primary key (id))
create table User (id bigint generated by default as identity (start with 1), created timestamp, password varchar(255), username varchar(255), primary key (id), unique (username))
create table UserFolder (id bigint generated by default as identity (start with 1), canRead bit not null, canWrite bit not null, created timestamp, folderName varchar(255), folderPath varchar(255), username varchar(255), primary key (id))
create table UserRole (id bigint generated by default as identity (start with 1), created timestamp, roleId bigint, username varchar(255), primary key (id))
DISCONNECT
/*C4*/SET SCHEMA PUBLIC
INSERT INTO USER VALUES(1,'2013-10-04 10:00:00.000000','admin','admin')
COMMIT
INSERT INTO ROLE VALUES(1,'2013-10-04 10:00:00.000000','ROLE_SUPER')
COMMIT
INSERT INTO USERROLE VALUES(1,'2013-10-04 10:00:00.000000',1,'admin')
COMMIT
DISCONNECT
/*C6*/SET SCHEMA PUBLIC
DISCONNECT
/*C7*/SET SCHEMA PUBLIC
DISCONNECT
/*C8*/SET SCHEMA PUBLIC
DISCONNECT
/*C9*/SET SCHEMA PUBLIC
DISCONNECT
